2026-03-11 12:58:45,113 - BasicMMoE - INFO - --------------------------------------------------
2026-03-11 12:58:45,113 - BasicMMoE - INFO - Started Training: BasicMMoE
2026-03-11 12:58:45,113 - BasicMMoE - INFO - --------------------------------------------------
2026-03-11 12:58:47,451 - BasicMMoE - INFO - Epoch 1/5 - Train Loss: 1.1642, Valid Loss: 1.1090
2026-03-11 12:58:47,476 - BasicMMoE - INFO - Saved new best model with validation loss: 1.1090
2026-03-11 12:58:49,806 - BasicMMoE - INFO - Epoch 2/5 - Train Loss: 1.0850, Valid Loss: 1.1015
2026-03-11 12:58:49,828 - BasicMMoE - INFO - Saved new best model with validation loss: 1.1015
2026-03-11 12:58:52,137 - BasicMMoE - INFO - Epoch 3/5 - Train Loss: 1.0434, Valid Loss: 1.0903
2026-03-11 12:58:52,158 - BasicMMoE - INFO - Saved new best model with validation loss: 1.0903
2026-03-11 12:58:54,432 - BasicMMoE - INFO - Epoch 4/5 - Train Loss: 0.9935, Valid Loss: 1.1102
2026-03-11 12:58:54,432 - BasicMMoE - INFO - No improvement in validation loss for 1 epoch(s).
2026-03-11 12:58:56,754 - BasicMMoE - INFO - Epoch 5/5 - Train Loss: 0.9302, Valid Loss: 1.1417
2026-03-11 12:58:56,754 - BasicMMoE - INFO - No improvement in validation loss for 2 epoch(s).
2026-03-11 12:58:56,754 - BasicMMoE - INFO - Training completed.
2026-03-16 17:52:10,552 - BasicMMoE - INFO - --------------------------------------------------
2026-03-16 17:52:10,552 - BasicMMoE - INFO - Started Training: BasicMMoE
2026-03-16 17:52:10,552 - BasicMMoE - INFO - --------------------------------------------------
2026-03-16 17:52:12,821 - BasicMMoE - INFO - Epoch 1/5 - Train Loss: 1.1659, Valid Loss: 1.1029
2026-03-16 17:52:12,844 - BasicMMoE - INFO - Saved new best model with validation loss: 1.1029
2026-03-16 17:52:15,209 - BasicMMoE - INFO - Epoch 2/5 - Train Loss: 1.0865, Valid Loss: 1.1048
2026-03-16 17:52:15,210 - BasicMMoE - INFO - No improvement in validation loss for 1 epoch(s).
2026-03-16 17:52:17,496 - BasicMMoE - INFO - Epoch 3/5 - Train Loss: 1.0434, Valid Loss: 1.1063
2026-03-16 17:52:17,496 - BasicMMoE - INFO - No improvement in validation loss for 2 epoch(s).
2026-03-16 17:52:19,776 - BasicMMoE - INFO - Epoch 4/5 - Train Loss: 0.9951, Valid Loss: 1.1090
2026-03-16 17:52:19,776 - BasicMMoE - INFO - No improvement in validation loss for 3 epoch(s).
2026-03-16 17:52:19,776 - BasicMMoE - INFO - Early stopping triggered after 4 epochs.
2026-03-16 17:52:19,776 - BasicMMoE - INFO - Training completed.
2026-03-16 20:01:18,068 - BasicMMoE - INFO - --------------------------------------------------
2026-03-16 20:01:18,068 - BasicMMoE - INFO - Started Training: BasicMMoE
2026-03-16 20:01:18,068 - BasicMMoE - INFO - --------------------------------------------------
2026-03-16 20:01:20,277 - BasicMMoE - INFO - Epoch 1/5 - Train Loss: 1.2242, Valid Loss: 1.1365
2026-03-16 20:01:20,299 - BasicMMoE - INFO - Saved new best model with validation loss: 1.1365
2026-03-16 20:01:22,592 - BasicMMoE - INFO - Epoch 2/5 - Train Loss: 1.1391, Valid Loss: 1.1122
2026-03-16 20:01:22,614 - BasicMMoE - INFO - Saved new best model with validation loss: 1.1122
2026-03-16 20:01:24,819 - BasicMMoE - INFO - Epoch 3/5 - Train Loss: 1.1266, Valid Loss: 1.1124
2026-03-16 20:01:24,820 - BasicMMoE - INFO - No improvement in validation loss for 1 epoch(s).
2026-03-16 20:01:27,017 - BasicMMoE - INFO - Epoch 4/5 - Train Loss: 1.1198, Valid Loss: 1.1057
2026-03-16 20:01:27,039 - BasicMMoE - INFO - Saved new best model with validation loss: 1.1057
2026-03-16 20:01:29,325 - BasicMMoE - INFO - Epoch 5/5 - Train Loss: 1.1191, Valid Loss: 1.1008
2026-03-16 20:01:29,350 - BasicMMoE - INFO - Saved new best model with validation loss: 1.1008
2026-03-16 20:01:29,350 - BasicMMoE - INFO - Training completed.
2026-03-16 20:08:54,834 - BasicMMoE - INFO - --------------------------------------------------
2026-03-16 20:08:54,834 - BasicMMoE - INFO - Started Training: BasicMMoE
2026-03-16 20:08:54,834 - BasicMMoE - INFO - --------------------------------------------------
2026-03-16 20:08:57,000 - BasicMMoE - INFO - Epoch 1/5 - Train Loss: 1.2048, Valid Loss: 1.1253
2026-03-16 20:08:57,022 - BasicMMoE - INFO - Saved new best model with validation loss: 1.1253
2026-03-16 20:08:59,349 - BasicMMoE - INFO - Epoch 2/5 - Train Loss: 1.1309, Valid Loss: 1.1099
2026-03-16 20:08:59,371 - BasicMMoE - INFO - Saved new best model with validation loss: 1.1099
2026-03-16 20:09:01,538 - BasicMMoE - INFO - Epoch 3/5 - Train Loss: 1.1222, Valid Loss: 1.1092
2026-03-16 20:09:01,561 - BasicMMoE - INFO - Saved new best model with validation loss: 1.1092
2026-03-16 20:09:03,779 - BasicMMoE - INFO - Epoch 4/5 - Train Loss: 1.1178, Valid Loss: 1.0991
2026-03-16 20:09:03,800 - BasicMMoE - INFO - Saved new best model with validation loss: 1.0991
2026-03-16 20:09:05,942 - BasicMMoE - INFO - Epoch 5/5 - Train Loss: 1.1131, Valid Loss: 1.0914
2026-03-16 20:09:05,963 - BasicMMoE - INFO - Saved new best model with validation loss: 1.0914
2026-03-16 20:09:05,963 - BasicMMoE - INFO - Training completed.
2026-03-17 23:29:51,385 - BasicMMoE - INFO - --------------------------------------------------
2026-03-17 23:29:51,385 - BasicMMoE - INFO - Started Training: BasicMMoE
2026-03-17 23:29:51,385 - BasicMMoE - INFO - --------------------------------------------------
2026-03-17 23:29:53,583 - BasicMMoE - INFO - Epoch 1/5 - Train Loss: 1.2067, Valid Loss: 1.1344
2026-03-17 23:29:53,602 - BasicMMoE - INFO - Saved new best model with validation loss: 1.1344
2026-03-17 23:29:55,828 - BasicMMoE - INFO - Epoch 2/5 - Train Loss: 1.1288, Valid Loss: 1.1068
2026-03-17 23:29:55,846 - BasicMMoE - INFO - Saved new best model with validation loss: 1.1068
2026-03-17 23:29:58,047 - BasicMMoE - INFO - Epoch 3/5 - Train Loss: 1.1201, Valid Loss: 1.1033
2026-03-17 23:29:58,066 - BasicMMoE - INFO - Saved new best model with validation loss: 1.1033
2026-03-17 23:30:00,245 - BasicMMoE - INFO - Epoch 4/5 - Train Loss: 1.1152, Valid Loss: 1.0950
2026-03-17 23:30:00,262 - BasicMMoE - INFO - Saved new best model with validation loss: 1.0950
2026-03-17 23:30:02,472 - BasicMMoE - INFO - Epoch 5/5 - Train Loss: 1.1108, Valid Loss: 1.0971
2026-03-17 23:30:02,472 - BasicMMoE - INFO - No improvement in validation loss for 1 epoch(s).
2026-03-17 23:30:02,472 - BasicMMoE - INFO - Training completed.
2026-03-17 23:33:06,470 - BasicMMoE - INFO - --------------------------------------------------
2026-03-17 23:33:06,471 - BasicMMoE - INFO - Started Training: BasicMMoE
2026-03-17 23:33:06,471 - BasicMMoE - INFO - --------------------------------------------------
2026-03-17 23:33:08,686 - BasicMMoE - INFO - Epoch 1/5 - Train Loss: 1.1879, Valid Loss: 1.1089
2026-03-17 23:33:08,706 - BasicMMoE - INFO - Saved new best model with validation loss: 1.1089
2026-03-17 23:33:10,938 - BasicMMoE - INFO - Epoch 2/5 - Train Loss: 1.1130, Valid Loss: 1.0863
2026-03-17 23:33:10,957 - BasicMMoE - INFO - Saved new best model with validation loss: 1.0863
2026-03-17 23:33:13,206 - BasicMMoE - INFO - Epoch 3/5 - Train Loss: 1.1059, Valid Loss: 1.0834
2026-03-17 23:33:13,226 - BasicMMoE - INFO - Saved new best model with validation loss: 1.0834
2026-03-17 23:33:15,430 - BasicMMoE - INFO - Epoch 4/5 - Train Loss: 1.1018, Valid Loss: 1.0796
2026-03-17 23:33:15,450 - BasicMMoE - INFO - Saved new best model with validation loss: 1.0796
2026-03-17 23:33:17,682 - BasicMMoE - INFO - Epoch 5/5 - Train Loss: 1.0978, Valid Loss: 1.0761
2026-03-17 23:33:17,700 - BasicMMoE - INFO - Saved new best model with validation loss: 1.0761
2026-03-17 23:33:17,700 - BasicMMoE - INFO - Training completed.
