2026-03-09 18:57:47,920 - SharedBottomModel - INFO - --------------------------------------------------
2026-03-09 18:57:47,920 - SharedBottomModel - INFO - Started Training: SharedBottomModel
2026-03-09 18:57:47,920 - SharedBottomModel - INFO - --------------------------------------------------
2026-03-09 18:57:49,875 - SharedBottomModel - INFO - Epoch 1/5 - Train Loss: 1.0831, Valid Loss: 0.9949
2026-03-09 18:57:49,887 - SharedBottomModel - INFO - Saved new best model with validation loss: 0.9949
2026-03-09 18:57:51,594 - SharedBottomModel - INFO - Epoch 2/5 - Train Loss: 0.9735, Valid Loss: 0.9635
2026-03-09 18:57:51,604 - SharedBottomModel - INFO - Saved new best model with validation loss: 0.9635
2026-03-09 18:57:53,338 - SharedBottomModel - INFO - Epoch 3/5 - Train Loss: 0.9611, Valid Loss: 0.9526
2026-03-09 18:57:53,350 - SharedBottomModel - INFO - Saved new best model with validation loss: 0.9526
2026-03-09 18:57:55,085 - SharedBottomModel - INFO - Epoch 4/5 - Train Loss: 0.9576, Valid Loss: 0.9496
2026-03-09 18:57:55,095 - SharedBottomModel - INFO - Saved new best model with validation loss: 0.9496
2026-03-09 18:57:56,840 - SharedBottomModel - INFO - Epoch 5/5 - Train Loss: 0.9528, Valid Loss: 0.9527
2026-03-09 18:57:56,840 - SharedBottomModel - INFO - No improvement in validation loss for 1 epoch(s).
2026-03-09 18:57:56,840 - SharedBottomModel - INFO - Training completed.
2026-03-10 14:39:18,489 - SharedBottomModel - INFO - --------------------------------------------------
2026-03-10 14:39:18,490 - SharedBottomModel - INFO - Started Training: SharedBottomModel
2026-03-10 14:39:18,490 - SharedBottomModel - INFO - --------------------------------------------------
2026-03-10 14:39:20,416 - SharedBottomModel - INFO - Epoch 1/5 - Train Loss: 1.2194, Valid Loss: 1.1284
2026-03-10 14:39:20,429 - SharedBottomModel - INFO - Saved new best model with validation loss: 1.1284
2026-03-10 14:39:22,217 - SharedBottomModel - INFO - Epoch 2/5 - Train Loss: 1.1295, Valid Loss: 1.1122
2026-03-10 14:39:22,229 - SharedBottomModel - INFO - Saved new best model with validation loss: 1.1122
2026-03-10 14:39:23,958 - SharedBottomModel - INFO - Epoch 3/5 - Train Loss: 1.1183, Valid Loss: 1.1058
2026-03-10 14:39:23,967 - SharedBottomModel - INFO - Saved new best model with validation loss: 1.1058
2026-03-10 14:39:25,688 - SharedBottomModel - INFO - Epoch 4/5 - Train Loss: 1.1125, Valid Loss: 1.1020
2026-03-10 14:39:25,697 - SharedBottomModel - INFO - Saved new best model with validation loss: 1.1020
2026-03-10 14:39:27,439 - SharedBottomModel - INFO - Epoch 5/5 - Train Loss: 1.1091, Valid Loss: 1.1023
2026-03-10 14:39:27,439 - SharedBottomModel - INFO - No improvement in validation loss for 1 epoch(s).
2026-03-10 14:39:27,439 - SharedBottomModel - INFO - Training completed.
2026-03-11 12:58:24,652 - SharedBottomModel - INFO - --------------------------------------------------
2026-03-11 12:58:24,653 - SharedBottomModel - INFO - Started Training: SharedBottomModel
2026-03-11 12:58:24,653 - SharedBottomModel - INFO - --------------------------------------------------
2026-03-11 12:58:26,630 - SharedBottomModel - INFO - Epoch 1/5 - Train Loss: 1.2140, Valid Loss: 1.1310
2026-03-11 12:58:26,644 - SharedBottomModel - INFO - Saved new best model with validation loss: 1.1310
2026-03-11 12:58:28,333 - SharedBottomModel - INFO - Epoch 2/5 - Train Loss: 1.1303, Valid Loss: 1.1094
2026-03-11 12:58:28,342 - SharedBottomModel - INFO - Saved new best model with validation loss: 1.1094
2026-03-11 12:58:30,010 - SharedBottomModel - INFO - Epoch 3/5 - Train Loss: 1.1180, Valid Loss: 1.1036
2026-03-11 12:58:30,029 - SharedBottomModel - INFO - Saved new best model with validation loss: 1.1036
2026-03-11 12:58:31,716 - SharedBottomModel - INFO - Epoch 4/5 - Train Loss: 1.1135, Valid Loss: 1.1107
2026-03-11 12:58:31,716 - SharedBottomModel - INFO - No improvement in validation loss for 1 epoch(s).
2026-03-11 12:58:33,435 - SharedBottomModel - INFO - Epoch 5/5 - Train Loss: 1.1107, Valid Loss: 1.1002
2026-03-11 12:58:33,445 - SharedBottomModel - INFO - Saved new best model with validation loss: 1.1002
2026-03-11 12:58:33,445 - SharedBottomModel - INFO - Training completed.
2026-03-16 17:51:50,121 - SharedBottomModel - INFO - --------------------------------------------------
2026-03-16 17:51:50,122 - SharedBottomModel - INFO - Started Training: SharedBottomModel
2026-03-16 17:51:50,122 - SharedBottomModel - INFO - --------------------------------------------------
2026-03-16 17:51:51,981 - SharedBottomModel - INFO - Epoch 1/5 - Train Loss: 1.2159, Valid Loss: 1.1283
2026-03-16 17:51:51,994 - SharedBottomModel - INFO - Saved new best model with validation loss: 1.1283
2026-03-16 17:51:53,715 - SharedBottomModel - INFO - Epoch 2/5 - Train Loss: 1.1288, Valid Loss: 1.1107
2026-03-16 17:51:53,725 - SharedBottomModel - INFO - Saved new best model with validation loss: 1.1107
2026-03-16 17:51:55,593 - SharedBottomModel - INFO - Epoch 3/5 - Train Loss: 1.1182, Valid Loss: 1.1058
2026-03-16 17:51:55,603 - SharedBottomModel - INFO - Saved new best model with validation loss: 1.1058
2026-03-16 17:51:57,309 - SharedBottomModel - INFO - Epoch 4/5 - Train Loss: 1.1132, Valid Loss: 1.1048
2026-03-16 17:51:57,319 - SharedBottomModel - INFO - Saved new best model with validation loss: 1.1048
2026-03-16 17:51:59,009 - SharedBottomModel - INFO - Epoch 5/5 - Train Loss: 1.1103, Valid Loss: 1.1093
2026-03-16 17:51:59,009 - SharedBottomModel - INFO - No improvement in validation loss for 1 epoch(s).
2026-03-16 17:51:59,009 - SharedBottomModel - INFO - Training completed.
2026-03-16 20:00:57,847 - SharedBottomModel - INFO - --------------------------------------------------
2026-03-16 20:00:57,848 - SharedBottomModel - INFO - Started Training: SharedBottomModel
2026-03-16 20:00:57,848 - SharedBottomModel - INFO - --------------------------------------------------
2026-03-16 20:00:59,912 - SharedBottomModel - INFO - Epoch 1/5 - Train Loss: 1.2184, Valid Loss: 1.1351
2026-03-16 20:00:59,925 - SharedBottomModel - INFO - Saved new best model with validation loss: 1.1351
2026-03-16 20:01:01,608 - SharedBottomModel - INFO - Epoch 2/5 - Train Loss: 1.1302, Valid Loss: 1.1075
2026-03-16 20:01:01,618 - SharedBottomModel - INFO - Saved new best model with validation loss: 1.1075
2026-03-16 20:01:03,297 - SharedBottomModel - INFO - Epoch 3/5 - Train Loss: 1.1183, Valid Loss: 1.1041
2026-03-16 20:01:03,306 - SharedBottomModel - INFO - Saved new best model with validation loss: 1.1041
2026-03-16 20:01:05,166 - SharedBottomModel - INFO - Epoch 4/5 - Train Loss: 1.1148, Valid Loss: 1.1045
2026-03-16 20:01:05,167 - SharedBottomModel - INFO - No improvement in validation loss for 1 epoch(s).
2026-03-16 20:01:06,829 - SharedBottomModel - INFO - Epoch 5/5 - Train Loss: 1.1099, Valid Loss: 1.1015
2026-03-16 20:01:06,838 - SharedBottomModel - INFO - Saved new best model with validation loss: 1.1015
2026-03-16 20:01:06,838 - SharedBottomModel - INFO - Training completed.
2026-03-16 20:08:34,860 - SharedBottomModel - INFO - --------------------------------------------------
2026-03-16 20:08:34,860 - SharedBottomModel - INFO - Started Training: SharedBottomModel
2026-03-16 20:08:34,860 - SharedBottomModel - INFO - --------------------------------------------------
2026-03-16 20:08:36,787 - SharedBottomModel - INFO - Epoch 1/5 - Train Loss: 1.2219, Valid Loss: 1.1295
2026-03-16 20:08:36,800 - SharedBottomModel - INFO - Saved new best model with validation loss: 1.1295
2026-03-16 20:08:38,514 - SharedBottomModel - INFO - Epoch 2/5 - Train Loss: 1.1306, Valid Loss: 1.1158
2026-03-16 20:08:38,524 - SharedBottomModel - INFO - Saved new best model with validation loss: 1.1158
2026-03-16 20:08:40,453 - SharedBottomModel - INFO - Epoch 3/5 - Train Loss: 1.1183, Valid Loss: 1.1104
2026-03-16 20:08:40,463 - SharedBottomModel - INFO - Saved new best model with validation loss: 1.1104
2026-03-16 20:08:42,158 - SharedBottomModel - INFO - Epoch 4/5 - Train Loss: 1.1133, Valid Loss: 1.0983
2026-03-16 20:08:42,167 - SharedBottomModel - INFO - Saved new best model with validation loss: 1.0983
2026-03-16 20:08:43,858 - SharedBottomModel - INFO - Epoch 5/5 - Train Loss: 1.1088, Valid Loss: 1.1003
2026-03-16 20:08:43,858 - SharedBottomModel - INFO - No improvement in validation loss for 1 epoch(s).
2026-03-16 20:08:43,858 - SharedBottomModel - INFO - Training completed.
2026-03-17 23:20:18,645 - SharedBottomModel - INFO - --------------------------------------------------
2026-03-17 23:20:18,645 - SharedBottomModel - INFO - Started Training: SharedBottomModel
2026-03-17 23:20:18,645 - SharedBottomModel - INFO - --------------------------------------------------
2026-03-17 23:22:12,704 - SharedBottomModel - INFO - --------------------------------------------------
2026-03-17 23:22:12,704 - SharedBottomModel - INFO - Started Training: SharedBottomModel
2026-03-17 23:22:12,704 - SharedBottomModel - INFO - --------------------------------------------------
2026-03-17 23:27:06,261 - SharedBottomModel - INFO - --------------------------------------------------
2026-03-17 23:27:06,261 - SharedBottomModel - INFO - Started Training: SharedBottomModel
2026-03-17 23:27:06,261 - SharedBottomModel - INFO - --------------------------------------------------
2026-03-17 23:29:31,010 - SharedBottomModel - INFO - --------------------------------------------------
2026-03-17 23:29:31,010 - SharedBottomModel - INFO - Started Training: SharedBottomModel
2026-03-17 23:29:31,010 - SharedBottomModel - INFO - --------------------------------------------------
2026-03-17 23:29:33,225 - SharedBottomModel - INFO - Epoch 1/5 - Train Loss: 1.2156, Valid Loss: 1.1307
2026-03-17 23:29:33,236 - SharedBottomModel - INFO - Saved new best model with validation loss: 1.1307
2026-03-17 23:29:34,940 - SharedBottomModel - INFO - Epoch 2/5 - Train Loss: 1.1301, Valid Loss: 1.1094
2026-03-17 23:29:34,949 - SharedBottomModel - INFO - Saved new best model with validation loss: 1.1094
2026-03-17 23:29:36,674 - SharedBottomModel - INFO - Epoch 3/5 - Train Loss: 1.1189, Valid Loss: 1.1045
2026-03-17 23:29:36,683 - SharedBottomModel - INFO - Saved new best model with validation loss: 1.1045
2026-03-17 23:29:38,489 - SharedBottomModel - INFO - Epoch 4/5 - Train Loss: 1.1141, Valid Loss: 1.1018
2026-03-17 23:29:38,497 - SharedBottomModel - INFO - Saved new best model with validation loss: 1.1018
2026-03-17 23:29:40,199 - SharedBottomModel - INFO - Epoch 5/5 - Train Loss: 1.1106, Valid Loss: 1.1048
2026-03-17 23:29:40,199 - SharedBottomModel - INFO - No improvement in validation loss for 1 epoch(s).
2026-03-17 23:29:40,199 - SharedBottomModel - INFO - Training completed.
2026-03-17 23:32:44,688 - SharedBottomModel - INFO - --------------------------------------------------
2026-03-17 23:32:44,688 - SharedBottomModel - INFO - Started Training: SharedBottomModel
2026-03-17 23:32:44,688 - SharedBottomModel - INFO - --------------------------------------------------
2026-03-17 23:32:47,360 - SharedBottomModel - INFO - Epoch 1/5 - Train Loss: 1.2053, Valid Loss: 1.1134
2026-03-17 23:32:47,371 - SharedBottomModel - INFO - Saved new best model with validation loss: 1.1134
2026-03-17 23:32:49,228 - SharedBottomModel - INFO - Epoch 2/5 - Train Loss: 1.1143, Valid Loss: 1.0965
2026-03-17 23:32:49,239 - SharedBottomModel - INFO - Saved new best model with validation loss: 1.0965
2026-03-17 23:32:51,244 - SharedBottomModel - INFO - Epoch 3/5 - Train Loss: 1.1021, Valid Loss: 1.0868
2026-03-17 23:32:51,256 - SharedBottomModel - INFO - Saved new best model with validation loss: 1.0868
2026-03-17 23:32:53,293 - SharedBottomModel - INFO - Epoch 4/5 - Train Loss: 1.0969, Valid Loss: 1.0868
2026-03-17 23:32:53,293 - SharedBottomModel - INFO - No improvement in validation loss for 1 epoch(s).
2026-03-17 23:32:55,005 - SharedBottomModel - INFO - Epoch 5/5 - Train Loss: 1.0935, Valid Loss: 1.0830
2026-03-17 23:32:55,014 - SharedBottomModel - INFO - Saved new best model with validation loss: 1.0830
2026-03-17 23:32:55,014 - SharedBottomModel - INFO - Training completed.
